=================================================
               CCF TCARCH Self-Test              
=================================================
Job started on mi100-1 at Wed Sep 10 07:40:58 AM UTC 2025

STEP 1: Compiling source code...
Compilation successful. Executable 'prefix_sum' created.

STEP 2: Running test cases...
Found 19 test cases in testcases
-------------------------------------------------
Running test [1]... PASS (0.46s)
Running test [2]... PASS (0.48s)
Running test [3]... PASS (0.49s)
Running test [4]... PASS (0.49s)
Running test [5]... PASS (0.52s)
Running test [6]... PASS (0.50s)
Running test [7]... PASS (0.49s)
Running test [8]... PASS (0.50s)
Running test [9]... PASS (0.61s)
Running test [10]... PASS (0.63s)
Running test [11]... PASS (0.51s)
Running test [12]... PASS (0.50s)
Running test [13]... PASS (0.50s)
Running test [14]... PASS (0.49s)
Running test [15]... PASS (0.46s)
Running test [16]... PASS (0.52s)
Running test [17]... PASS (0.62s)
Running test [18]... PASS (0.86s)
Running test [19]... PASS (1.66s)
-------------------------------------------------
FINAL RESULT: ALL TESTS PASSED!

    Passed cases: 19 / 19
    Total execution time: 11.29 seconds

Job finished at Wed Sep 10 07:41:26 AM UTC 2025
=================================================

---- Timing runs for ALL testcases (printing [TIMER] lines) ----
[TIMING] testcase=1 (testcases/1.in)
verify: OK
[TIMER] arg parse: 0.000 ms
[TIMER] read input: 0.045 ms
[TIMER] device alloc: 130.909 ms
[TIMER] H2D copy: 321.191 ms
[TIMER] block scan (blelloch) kernel: 0.519 ms
[TIMER] device_scan_inclusive total: 0.523 ms
[TIMER] D2H copy: 0.029 ms
[TIMER] compute (solve): 452.690 ms
[TIMER] total: 452.830 ms
-------------------------------------------------
[TIMING] testcase=2 (testcases/2.in)
verify: OK
[TIMER] arg parse: 0.000 ms
[TIMER] read input: 0.013 ms
[TIMER] device alloc: 95.567 ms
[TIMER] H2D copy: 320.135 ms
[TIMER] block scan (blelloch) kernel: 0.523 ms
[TIMER] device_scan_inclusive total: 0.527 ms
[TIMER] D2H copy: 0.034 ms
[TIMER] compute (solve): 416.321 ms
[TIMER] total: 416.384 ms
-------------------------------------------------
[TIMING] testcase=3 (testcases/3.in)
verify: OK
[TIMER] arg parse: 0.000 ms
[TIMER] read input: 0.012 ms
[TIMER] device alloc: 133.951 ms
[TIMER] H2D copy: 318.716 ms
[TIMER] block scan (blelloch) kernel: 0.528 ms
[TIMER] device_scan_inclusive total: 0.533 ms
[TIMER] D2H copy: 0.035 ms
[TIMER] compute (solve): 453.288 ms
[TIMER] total: 453.349 ms
-------------------------------------------------
[TIMING] testcase=4 (testcases/4.in)
verify: OK
[TIMER] arg parse: 0.000 ms
[TIMER] read input: 0.014 ms
[TIMER] device alloc: 114.366 ms
[TIMER] H2D copy: 314.679 ms
[TIMER] block scan (blelloch) kernel: 0.534 ms
[TIMER] device_scan_inclusive total: 0.537 ms
[TIMER] D2H copy: 0.032 ms
[TIMER] compute (solve): 429.675 ms
[TIMER] total: 429.746 ms
-------------------------------------------------
[TIMING] testcase=5 (testcases/5.in)
verify: OK
[TIMER] arg parse: 0.000 ms
[TIMER] read input: 0.014 ms
[TIMER] device alloc: 133.569 ms
[TIMER] H2D copy: 312.530 ms
[TIMER] block scan (blelloch) kernel: 0.526 ms
[TIMER] device_scan_inclusive total: 0.530 ms
[TIMER] D2H copy: 0.029 ms
[TIMER] compute (solve): 446.710 ms
[TIMER] total: 446.779 ms
-------------------------------------------------
[TIMING] testcase=6 (testcases/6.in)
verify: OK
[TIMER] arg parse: 0.000 ms
[TIMER] read input: 0.070 ms
[TIMER] device alloc: 155.382 ms
[TIMER] H2D copy: 315.832 ms
[TIMER] block scan (blelloch) kernel: 0.531 ms
[TIMER] block scan (blelloch) kernel: 0.015 ms
[TIMER] scan block_sums (recursive): 0.017 ms
[TIMER] add offsets kernel: 0.015 ms
[TIMER] device_scan_inclusive total: 0.615 ms
[TIMER] D2H copy: 0.035 ms
[TIMER] compute (solve): 471.904 ms
[TIMER] total: 472.025 ms
-------------------------------------------------
[TIMING] testcase=7 (testcases/7.in)
verify: OK
[TIMER] arg parse: 0.000 ms
[TIMER] read input: 0.118 ms
[TIMER] device alloc: 161.458 ms
[TIMER] H2D copy: 317.821 ms
[TIMER] block scan (blelloch) kernel: 0.519 ms
[TIMER] block scan (blelloch) kernel: 0.016 ms
[TIMER] scan block_sums (recursive): 0.017 ms
[TIMER] add offsets kernel: 0.015 ms
[TIMER] device_scan_inclusive total: 0.707 ms
[TIMER] D2H copy: 0.035 ms
[TIMER] compute (solve): 480.102 ms
[TIMER] total: 480.279 ms
-------------------------------------------------
[TIMING] testcase=8 (testcases/8.in)
verify: OK
[TIMER] arg parse: 0.000 ms
[TIMER] read input: 0.443 ms
[TIMER] device alloc: 137.986 ms
[TIMER] H2D copy: 314.540 ms
[TIMER] block scan (blelloch) kernel: 0.555 ms
[TIMER] block scan (blelloch) kernel: 0.017 ms
[TIMER] scan block_sums (recursive): 0.018 ms
[TIMER] add offsets kernel: 0.018 ms
[TIMER] device_scan_inclusive total: 0.627 ms
[TIMER] D2H copy: 0.032 ms
[TIMER] compute (solve): 453.220 ms
[TIMER] total: 453.715 ms
-------------------------------------------------
[TIMING] testcase=9 (testcases/9.in)
verify: OK
[TIMER] arg parse: 0.000 ms
[TIMER] read input: 50.872 ms
[TIMER] device alloc: 122.503 ms
[TIMER] H2D copy: 314.530 ms
[TIMER] block scan (blelloch) kernel: 0.774 ms
[TIMER] block scan (blelloch) kernel: 0.024 ms
[TIMER] block scan (blelloch) kernel: 0.013 ms
[TIMER] scan block_sums (recursive): 0.014 ms
[TIMER] add offsets kernel: 0.018 ms
[TIMER] scan block_sums (recursive): 0.075 ms
[TIMER] add offsets kernel: 0.029 ms
[TIMER] device_scan_inclusive total: 1.035 ms
[TIMER] D2H copy: 0.829 ms
[TIMER] compute (solve): 439.000 ms
[TIMER] total: 489.938 ms
-------------------------------------------------
[TIMING] testcase=10 (testcases/10.in)
verify: OK
[TIMER] arg parse: 0.000 ms
[TIMER] read input: 51.157 ms
[TIMER] device alloc: 118.202 ms
[TIMER] H2D copy: 320.344 ms
[TIMER] block scan (blelloch) kernel: 0.573 ms
[TIMER] block scan (blelloch) kernel: 0.026 ms
[TIMER] block scan (blelloch) kernel: 0.016 ms
[TIMER] scan block_sums (recursive): 0.017 ms
[TIMER] add offsets kernel: 0.018 ms
[TIMER] scan block_sums (recursive): 0.103 ms
[TIMER] add offsets kernel: 0.031 ms
[TIMER] device_scan_inclusive total: 0.863 ms
[TIMER] D2H copy: 0.996 ms
[TIMER] compute (solve): 440.518 ms
[TIMER] total: 491.737 ms
-------------------------------------------------
[TIMING] testcase=11 (testcases/11.in)
verify: OK
[TIMER] arg parse: 0.000 ms
[TIMER] read input: 0.017 ms
[TIMER] device alloc: 135.489 ms
[TIMER] H2D copy: 321.792 ms
[TIMER] block scan (blelloch) kernel: 0.514 ms
[TIMER] device_scan_inclusive total: 0.519 ms
[TIMER] D2H copy: 0.033 ms
[TIMER] compute (solve): 457.888 ms
[TIMER] total: 457.951 ms
-------------------------------------------------
[TIMING] testcase=12 (testcases/12.in)
verify: OK
[TIMER] arg parse: 0.000 ms
[TIMER] read input: 0.059 ms
[TIMER] device alloc: 138.639 ms
[TIMER] H2D copy: 319.328 ms
[TIMER] block scan (blelloch) kernel: 0.515 ms
[TIMER] block scan (blelloch) kernel: 0.015 ms
[TIMER] scan block_sums (recursive): 0.017 ms
[TIMER] add offsets kernel: 0.015 ms
[TIMER] device_scan_inclusive total: 0.594 ms
[TIMER] D2H copy: 0.034 ms
[TIMER] compute (solve): 458.627 ms
[TIMER] total: 458.731 ms
-------------------------------------------------
[TIMING] testcase=13 (testcases/13.in)
verify: OK
[TIMER] arg parse: 0.000 ms
[TIMER] read input: 0.227 ms
[TIMER] device alloc: 116.055 ms
[TIMER] H2D copy: 322.998 ms
[TIMER] block scan (blelloch) kernel: 0.541 ms
[TIMER] block scan (blelloch) kernel: 0.015 ms
[TIMER] scan block_sums (recursive): 0.016 ms
[TIMER] add offsets kernel: 0.017 ms
[TIMER] device_scan_inclusive total: 0.623 ms
[TIMER] D2H copy: 0.036 ms
[TIMER] compute (solve): 439.744 ms
[TIMER] total: 440.019 ms
-------------------------------------------------
[TIMING] testcase=14 (testcases/14.in)
verify: OK
[TIMER] arg parse: 0.000 ms
[TIMER] read input: 0.563 ms
[TIMER] device alloc: 124.170 ms
[TIMER] H2D copy: 320.012 ms
[TIMER] block scan (blelloch) kernel: 0.545 ms
[TIMER] block scan (blelloch) kernel: 0.016 ms
[TIMER] scan block_sums (recursive): 0.017 ms
[TIMER] add offsets kernel: 0.018 ms
[TIMER] device_scan_inclusive total: 0.630 ms
[TIMER] D2H copy: 0.038 ms
[TIMER] compute (solve): 444.883 ms
[TIMER] total: 445.498 ms
-------------------------------------------------
[TIMING] testcase=15 (testcases/15.in)
verify: OK
[TIMER] arg parse: 0.000 ms
[TIMER] read input: 4.610 ms
[TIMER] device alloc: 112.193 ms
[TIMER] H2D copy: 323.737 ms
[TIMER] block scan (blelloch) kernel: 0.541 ms
[TIMER] block scan (blelloch) kernel: 0.017 ms
[TIMER] block scan (blelloch) kernel: 0.013 ms
[TIMER] scan block_sums (recursive): 0.014 ms
[TIMER] add offsets kernel: 0.018 ms
[TIMER] scan block_sums (recursive): 0.074 ms
[TIMER] add offsets kernel: 0.020 ms
[TIMER] device_scan_inclusive total: 0.741 ms
[TIMER] D2H copy: 0.096 ms
[TIMER] compute (solve): 436.798 ms
[TIMER] total: 441.453 ms
-------------------------------------------------
[TIMING] testcase=16 (testcases/16.in)
verify: OK
[TIMER] arg parse: 0.000 ms
[TIMER] read input: 13.667 ms
[TIMER] device alloc: 129.804 ms
[TIMER] H2D copy: 318.616 ms
[TIMER] block scan (blelloch) kernel: 0.771 ms
[TIMER] block scan (blelloch) kernel: 0.018 ms
[TIMER] block scan (blelloch) kernel: 0.014 ms
[TIMER] scan block_sums (recursive): 0.015 ms
[TIMER] add offsets kernel: 0.052 ms
[TIMER] scan block_sums (recursive): 0.147 ms
[TIMER] add offsets kernel: 0.022 ms
[TIMER] device_scan_inclusive total: 1.045 ms
[TIMER] D2H copy: 0.247 ms
[TIMER] compute (solve): 449.798 ms
[TIMER] total: 463.509 ms
-------------------------------------------------
[TIMING] testcase=17 (testcases/17.in)
verify: OK
[TIMER] arg parse: 0.000 ms
[TIMER] read input: 58.073 ms
[TIMER] device alloc: 128.387 ms
[TIMER] H2D copy: 320.065 ms
[TIMER] block scan (blelloch) kernel: 0.625 ms
[TIMER] block scan (blelloch) kernel: 0.024 ms
[TIMER] block scan (blelloch) kernel: 0.014 ms
[TIMER] scan block_sums (recursive): 0.015 ms
[TIMER] add offsets kernel: 0.018 ms
[TIMER] scan block_sums (recursive): 0.095 ms
[TIMER] add offsets kernel: 0.029 ms
[TIMER] device_scan_inclusive total: 0.899 ms
[TIMER] D2H copy: 0.948 ms
[TIMER] compute (solve): 450.401 ms
[TIMER] total: 508.541 ms
-------------------------------------------------
[TIMING] testcase=18 (testcases/18.in)
verify: OK
[TIMER] arg parse: 0.000 ms
[TIMER] read input: 145.592 ms
[TIMER] device alloc: 127.265 ms
[TIMER] H2D copy: 320.806 ms
[TIMER] block scan (blelloch) kernel: 0.825 ms
[TIMER] block scan (blelloch) kernel: 0.026 ms
[TIMER] block scan (blelloch) kernel: 0.014 ms
[TIMER] scan block_sums (recursive): 0.015 ms
[TIMER] add offsets kernel: 0.018 ms
[TIMER] scan block_sums (recursive): 0.077 ms
[TIMER] add offsets kernel: 0.046 ms
[TIMER] device_scan_inclusive total: 1.067 ms
[TIMER] D2H copy: 2.900 ms
[TIMER] compute (solve): 452.202 ms
[TIMER] total: 597.852 ms
-------------------------------------------------
[TIMING] testcase=19 (testcases/19.in)
verify: OK
[TIMER] arg parse: 0.000 ms
[TIMER] read input: 472.807 ms
[TIMER] device alloc: 139.355 ms
[TIMER] H2D copy: 337.603 ms
[TIMER] block scan (blelloch) kernel: 0.786 ms
[TIMER] block scan (blelloch) kernel: 0.025 ms
[TIMER] block scan (blelloch) kernel: 0.015 ms
[TIMER] scan block_sums (recursive): 0.016 ms
[TIMER] add offsets kernel: 0.018 ms
[TIMER] scan block_sums (recursive): 0.093 ms
[TIMER] add offsets kernel: 0.104 ms
[TIMER] device_scan_inclusive total: 1.115 ms
[TIMER] D2H copy: 8.454 ms
[TIMER] compute (solve): 486.707 ms
[TIMER] total: 959.593 ms
-------------------------------------------------
