=================================================
               CCF TCARCH Self-Test              
=================================================
Job started on mi100-1 at Wed Sep 10 09:19:14 AM UTC 2025

STEP 1: Compiling source code...
Compilation successful. Executable 'prefix_sum' created.

STEP 2: Running test cases...
Found 19 test cases in testcases
-------------------------------------------------
Running test [1]... PASS (0.46s)
Running test [2]... PASS (0.46s)
Running test [3]... PASS (0.47s)
Running test [4]... PASS (0.47s)
Running test [5]... PASS (0.48s)
Running test [6]... PASS (0.48s)
Running test [7]... PASS (0.48s)
Running test [8]... PASS (0.48s)
Running test [9]... PASS (0.60s)
Running test [10]... PASS (0.62s)
Running test [11]... PASS (0.44s)
Running test [12]... PASS (0.46s)
Running test [13]... PASS (0.48s)
Running test [14]... PASS (0.45s)
Running test [15]... PASS (0.48s)
Running test [16]... PASS (0.52s)
Running test [17]... PASS (0.61s)
Running test [18]... PASS (0.83s)
Running test [19]... PASS (1.66s)
-------------------------------------------------
FINAL RESULT: ALL TESTS PASSED!

    Passed cases: 19 / 19
    Total execution time: 10.93 seconds

Job finished at Wed Sep 10 09:19:42 AM UTC 2025
=================================================

---- Timing runs for ALL testcases (printing [TIMER] lines) ----
[TIMING] testcase=1 (testcases/1.in)
verify: OK
[TIMER] arg parse: 0.000 ms
[TIMER] read input: 0.012 ms
[TIMER] device alloc: 115.242 ms
[TIMER] H2D copy: 318.604 ms
[TIMER] block scan (blelloch) kernel: 0.524 ms
[TIMER] device_scan_inclusive total: 0.528 ms
[TIMER] D2H copy: 0.029 ms
[TIMER] compute (solve): 434.450 ms
[TIMER] total: 434.513 ms
-------------------------------------------------
[TIMING] testcase=2 (testcases/2.in)
verify: OK
[TIMER] arg parse: 0.000 ms
[TIMER] read input: 0.013 ms
[TIMER] device alloc: 93.995 ms
[TIMER] H2D copy: 319.206 ms
[TIMER] block scan (blelloch) kernel: 0.535 ms
[TIMER] device_scan_inclusive total: 0.540 ms
[TIMER] D2H copy: 0.029 ms
[TIMER] compute (solve): 413.821 ms
[TIMER] total: 413.896 ms
-------------------------------------------------
[TIMING] testcase=3 (testcases/3.in)
verify: OK
[TIMER] arg parse: 0.000 ms
[TIMER] read input: 0.015 ms
[TIMER] device alloc: 134.705 ms
[TIMER] H2D copy: 320.221 ms
[TIMER] block scan (blelloch) kernel: 0.523 ms
[TIMER] device_scan_inclusive total: 0.527 ms
[TIMER] D2H copy: 0.030 ms
[TIMER] compute (solve): 455.530 ms
[TIMER] total: 455.595 ms
-------------------------------------------------
[TIMING] testcase=4 (testcases/4.in)
verify: OK
[TIMER] arg parse: 0.000 ms
[TIMER] read input: 0.015 ms
[TIMER] device alloc: 96.195 ms
[TIMER] H2D copy: 319.284 ms
[TIMER] block scan (blelloch) kernel: 0.532 ms
[TIMER] device_scan_inclusive total: 0.536 ms
[TIMER] D2H copy: 0.030 ms
[TIMER] compute (solve): 416.092 ms
[TIMER] total: 416.158 ms
-------------------------------------------------
[TIMING] testcase=5 (testcases/5.in)
/var/spool/slurmd/job03393/slurm_script: line 127: ./prefix_sum: No such file or directory
