=================================================
               CCF TCARCH Self-Test              
=================================================
Job started on mi100-1 at Wed Sep 10 09:18:04 AM UTC 2025

STEP 1: Compiling source code...
Compilation successful. Executable 'prefix_sum' created.

STEP 2: Running test cases...
Found 19 test cases in testcases
-------------------------------------------------
Running test [1]... PASS (0.46s)
Running test [2]... PASS (0.46s)
Running test [3]... PASS (0.44s)
Running test [4]... PASS (0.49s)
Running test [5]... PASS (0.44s)
Running test [6]... PASS (0.45s)
Running test [7]... PASS (0.46s)
Running test [8]... PASS (0.48s)
Running test [9]... PASS (0.59s)
Running test [10]... PASS (0.60s)
Running test [11]... PASS (0.46s)
Running test [12]... PASS (0.44s)
Running test [13]... PASS (0.45s)
Running test [14]... PASS (0.45s)
Running test [15]... PASS (0.46s)
Running test [16]... PASS (0.51s)
Running test [17]... PASS (0.60s)
Running test [18]... PASS (0.84s)
Running test [19]... PASS (1.70s)
-------------------------------------------------
FINAL RESULT: ALL TESTS PASSED!

    Passed cases: 19 / 19
    Total execution time: 10.78 seconds

Job finished at Wed Sep 10 09:18:32 AM UTC 2025
=================================================

---- Timing runs for ALL testcases (printing [TIMER] lines) ----
[TIMING] testcase=1 (testcases/1.in)
verify: OK
[TIMER] arg parse: 0.000 ms
[TIMER] read input: 0.013 ms
[TIMER] device alloc: 113.378 ms
[TIMER] H2D copy: 320.269 ms
[TIMER] block scan (blelloch) kernel: 0.523 ms
[TIMER] device_scan_inclusive total: 0.528 ms
[TIMER] D2H copy: 0.032 ms
[TIMER] compute (solve): 434.253 ms
[TIMER] total: 434.318 ms
-------------------------------------------------
[TIMING] testcase=2 (testcases/2.in)
verify: OK
[TIMER] arg parse: 0.000 ms
[TIMER] read input: 0.014 ms
[TIMER] device alloc: 110.346 ms
[TIMER] H2D copy: 320.373 ms
[TIMER] block scan (blelloch) kernel: 0.531 ms
[TIMER] device_scan_inclusive total: 0.535 ms
[TIMER] D2H copy: 0.029 ms
[TIMER] compute (solve): 431.331 ms
[TIMER] total: 431.395 ms
-------------------------------------------------
[TIMING] testcase=3 (testcases/3.in)
verify: OK
[TIMER] arg parse: 0.000 ms
[TIMER] read input: 0.013 ms
[TIMER] device alloc: 116.835 ms
[TIMER] H2D copy: 323.889 ms
[TIMER] block scan (blelloch) kernel: 0.532 ms
[TIMER] device_scan_inclusive total: 0.536 ms
[TIMER] D2H copy: 0.029 ms
[TIMER] compute (solve): 441.341 ms
[TIMER] total: 441.404 ms
-------------------------------------------------
[TIMING] testcase=4 (testcases/4.in)
verify: OK
[TIMER] arg parse: 0.000 ms
[TIMER] read input: 0.014 ms
[TIMER] device alloc: 111.640 ms
[TIMER] H2D copy: 322.875 ms
[TIMER] block scan (blelloch) kernel: 0.536 ms
[TIMER] device_scan_inclusive total: 0.540 ms
[TIMER] D2H copy: 0.034 ms
[TIMER] compute (solve): 435.140 ms
[TIMER] total: 435.210 ms
-------------------------------------------------
[TIMING] testcase=5 (testcases/5.in)
verify: OK
[TIMER] arg parse: 0.000 ms
[TIMER] read input: 0.013 ms
[TIMER] device alloc: 109.998 ms
[TIMER] H2D copy: 313.232 ms
[TIMER] block scan (blelloch) kernel: 0.544 ms
[TIMER] device_scan_inclusive total: 0.548 ms
[TIMER] D2H copy: 0.028 ms
[TIMER] compute (solve): 423.856 ms
[TIMER] total: 423.925 ms
-------------------------------------------------
[TIMING] testcase=6 (testcases/6.in)
verify: OK
[TIMER] arg parse: 0.000 ms
[TIMER] read input: 0.071 ms
[TIMER] device alloc: 117.611 ms
[TIMER] H2D copy: 312.321 ms
[TIMER] block scan (blelloch) kernel: 0.523 ms
[TIMER] block scan (blelloch) kernel: 0.015 ms
[TIMER] scan block_sums (recursive): 0.017 ms
[TIMER] add offsets kernel: 0.014 ms
[TIMER] device_scan_inclusive total: 0.609 ms
[TIMER] D2H copy: 0.032 ms
[TIMER] compute (solve): 430.608 ms
[TIMER] total: 430.731 ms
-------------------------------------------------
[TIMING] testcase=7 (testcases/7.in)
verify: OK
[TIMER] arg parse: 0.000 ms
[TIMER] read input: 0.084 ms
[TIMER] device alloc: 95.665 ms
[TIMER] H2D copy: 315.443 ms
[TIMER] block scan (blelloch) kernel: 0.526 ms
[TIMER] block scan (blelloch) kernel: 0.015 ms
[TIMER] scan block_sums (recursive): 0.017 ms
[TIMER] add offsets kernel: 0.014 ms
[TIMER] device_scan_inclusive total: 0.611 ms
[TIMER] D2H copy: 0.038 ms
[TIMER] compute (solve): 411.793 ms
[TIMER] total: 411.935 ms
-------------------------------------------------
[TIMING] testcase=8 (testcases/8.in)
verify: OK
[TIMER] arg parse: 0.000 ms
[TIMER] read input: 0.455 ms
[TIMER] device alloc: 97.571 ms
[TIMER] H2D copy: 318.509 ms
[TIMER] block scan (blelloch) kernel: 0.559 ms
[TIMER] block scan (blelloch) kernel: 0.015 ms
[TIMER] scan block_sums (recursive): 0.017 ms
[TIMER] add offsets kernel: 0.017 ms
[TIMER] device_scan_inclusive total: 0.641 ms
[TIMER] D2H copy: 0.035 ms
[TIMER] compute (solve): 416.790 ms
[TIMER] total: 417.297 ms
-------------------------------------------------
[TIMING] testcase=9 (testcases/9.in)
verify: OK
[TIMER] arg parse: 0.000 ms
[TIMER] read input: 51.843 ms
[TIMER] device alloc: 136.553 ms
[TIMER] H2D copy: 319.257 ms
[TIMER] block scan (blelloch) kernel: 0.568 ms
[TIMER] block scan (blelloch) kernel: 0.021 ms
[TIMER] block scan (blelloch) kernel: 0.014 ms
[TIMER] scan block_sums (recursive): 0.016 ms
[TIMER] add offsets kernel: 0.018 ms
[TIMER] scan block_sums (recursive): 0.105 ms
[TIMER] add offsets kernel: 0.030 ms
[TIMER] device_scan_inclusive total: 0.776 ms
[TIMER] D2H copy: 0.949 ms
[TIMER] compute (solve): 457.631 ms
[TIMER] total: 509.530 ms
-------------------------------------------------
[TIMING] testcase=10 (testcases/10.in)
verify: OK
[TIMER] arg parse: 0.000 ms
[TIMER] read input: 49.822 ms
[TIMER] device alloc: 133.929 ms
[TIMER] H2D copy: 319.274 ms
[TIMER] block scan (blelloch) kernel: 0.575 ms
[TIMER] block scan (blelloch) kernel: 0.025 ms
[TIMER] block scan (blelloch) kernel: 0.016 ms
[TIMER] scan block_sums (recursive): 0.017 ms
[TIMER] add offsets kernel: 0.019 ms
[TIMER] scan block_sums (recursive): 0.104 ms
[TIMER] add offsets kernel: 0.030 ms
[TIMER] device_scan_inclusive total: 0.818 ms
[TIMER] D2H copy: 0.827 ms
[TIMER] compute (solve): 454.961 ms
[TIMER] total: 504.842 ms
-------------------------------------------------
[TIMING] testcase=11 (testcases/11.in)
verify: OK
[TIMER] arg parse: 0.000 ms
[TIMER] read input: 0.016 ms
[TIMER] device alloc: 124.939 ms
[TIMER] H2D copy: 318.659 ms
[TIMER] block scan (blelloch) kernel: 0.556 ms
[TIMER] device_scan_inclusive total: 0.560 ms
[TIMER] D2H copy: 0.029 ms
[TIMER] compute (solve): 444.229 ms
[TIMER] total: 444.290 ms
-------------------------------------------------
[TIMING] testcase=12 (testcases/12.in)
verify: OK
[TIMER] arg parse: 0.000 ms
[TIMER] read input: 0.059 ms
[TIMER] device alloc: 111.617 ms
[TIMER] H2D copy: 320.748 ms
[TIMER] block scan (blelloch) kernel: 0.770 ms
[TIMER] block scan (blelloch) kernel: 0.016 ms
[TIMER] scan block_sums (recursive): 0.018 ms
[TIMER] add offsets kernel: 0.015 ms
[TIMER] device_scan_inclusive total: 0.851 ms
[TIMER] D2H copy: 0.033 ms
[TIMER] compute (solve): 433.278 ms
[TIMER] total: 433.385 ms
-------------------------------------------------
[TIMING] testcase=13 (testcases/13.in)
verify: OK
[TIMER] arg parse: 0.000 ms
[TIMER] read input: 0.223 ms
[TIMER] device alloc: 117.757 ms
[TIMER] H2D copy: 322.826 ms
[TIMER] block scan (blelloch) kernel: 0.534 ms
[TIMER] block scan (blelloch) kernel: 0.015 ms
[TIMER] scan block_sums (recursive): 0.017 ms
[TIMER] add offsets kernel: 0.018 ms
[TIMER] device_scan_inclusive total: 0.616 ms
[TIMER] D2H copy: 0.037 ms
[TIMER] compute (solve): 441.266 ms
[TIMER] total: 441.534 ms
-------------------------------------------------
[TIMING] testcase=14 (testcases/14.in)
verify: OK
[TIMER] arg parse: 0.000 ms
[TIMER] read input: 0.544 ms
[TIMER] device alloc: 95.671 ms
[TIMER] H2D copy: 319.596 ms
[TIMER] block scan (blelloch) kernel: 0.543 ms
[TIMER] block scan (blelloch) kernel: 0.017 ms
[TIMER] scan block_sums (recursive): 0.019 ms
[TIMER] add offsets kernel: 0.020 ms
[TIMER] device_scan_inclusive total: 0.619 ms
[TIMER] D2H copy: 0.034 ms
[TIMER] compute (solve): 415.949 ms
[TIMER] total: 416.536 ms
-------------------------------------------------
[TIMING] testcase=15 (testcases/15.in)
verify: OK
[TIMER] arg parse: 0.000 ms
[TIMER] read input: 4.630 ms
[TIMER] device alloc: 96.571 ms
[TIMER] H2D copy: 322.218 ms
[TIMER] block scan (blelloch) kernel: 0.555 ms
[TIMER] block scan (blelloch) kernel: 0.017 ms
[TIMER] block scan (blelloch) kernel: 0.018 ms
[TIMER] scan block_sums (recursive): 0.020 ms
[TIMER] add offsets kernel: 0.015 ms
[TIMER] scan block_sums (recursive): 0.073 ms
[TIMER] add offsets kernel: 0.020 ms
[TIMER] device_scan_inclusive total: 0.687 ms
[TIMER] D2H copy: 0.098 ms
[TIMER] compute (solve): 419.635 ms
[TIMER] total: 424.306 ms
-------------------------------------------------
[TIMING] testcase=16 (testcases/16.in)
verify: OK
[TIMER] arg parse: 0.000 ms
[TIMER] read input: 14.075 ms
[TIMER] device alloc: 101.631 ms
[TIMER] H2D copy: 323.308 ms
[TIMER] block scan (blelloch) kernel: 0.558 ms
[TIMER] block scan (blelloch) kernel: 0.018 ms
[TIMER] block scan (blelloch) kernel: 0.014 ms
[TIMER] scan block_sums (recursive): 0.015 ms
[TIMER] add offsets kernel: 0.015 ms
[TIMER] scan block_sums (recursive): 0.086 ms
[TIMER] add offsets kernel: 0.023 ms
[TIMER] device_scan_inclusive total: 0.776 ms
[TIMER] D2H copy: 0.247 ms
[TIMER] compute (solve): 426.054 ms
[TIMER] total: 440.178 ms
-------------------------------------------------
[TIMING] testcase=17 (testcases/17.in)
verify: OK
[TIMER] arg parse: 0.000 ms
[TIMER] read input: 51.774 ms
[TIMER] device alloc: 112.172 ms
[TIMER] H2D copy: 320.718 ms
[TIMER] block scan (blelloch) kernel: 0.588 ms
[TIMER] block scan (blelloch) kernel: 0.024 ms
[TIMER] block scan (blelloch) kernel: 0.015 ms
[TIMER] scan block_sums (recursive): 0.016 ms
[TIMER] add offsets kernel: 0.018 ms
[TIMER] scan block_sums (recursive): 0.091 ms
[TIMER] add offsets kernel: 0.029 ms
[TIMER] device_scan_inclusive total: 0.802 ms
[TIMER] D2H copy: 0.959 ms
[TIMER] compute (solve): 434.758 ms
[TIMER] total: 486.582 ms
-------------------------------------------------
[TIMING] testcase=18 (testcases/18.in)
verify: OK
[TIMER] arg parse: 0.000 ms
[TIMER] read input: 143.925 ms
[TIMER] device alloc: 100.162 ms
[TIMER] H2D copy: 321.749 ms
[TIMER] block scan (blelloch) kernel: 0.610 ms
[TIMER] block scan (blelloch) kernel: 0.026 ms
[TIMER] block scan (blelloch) kernel: 0.015 ms
[TIMER] scan block_sums (recursive): 0.016 ms
[TIMER] add offsets kernel: 0.018 ms
[TIMER] scan block_sums (recursive): 0.076 ms
[TIMER] add offsets kernel: 0.046 ms
[TIMER] device_scan_inclusive total: 0.883 ms
[TIMER] D2H copy: 2.549 ms
[TIMER] compute (solve): 425.441 ms
[TIMER] total: 569.435 ms
-------------------------------------------------
[TIMING] testcase=19 (testcases/19.in)
verify: OK
[TIMER] arg parse: 0.000 ms
[TIMER] read input: 459.785 ms
[TIMER] device alloc: 99.513 ms
[TIMER] H2D copy: 328.227 ms
[TIMER] block scan (blelloch) kernel: 0.735 ms
[TIMER] block scan (blelloch) kernel: 0.021 ms
[TIMER] block scan (blelloch) kernel: 0.015 ms
[TIMER] scan block_sums (recursive): 0.016 ms
[TIMER] add offsets kernel: 0.017 ms
[TIMER] scan block_sums (recursive): 0.117 ms
[TIMER] add offsets kernel: 0.104 ms
[TIMER] device_scan_inclusive total: 1.105 ms
[TIMER] D2H copy: 8.503 ms
[TIMER] compute (solve): 437.497 ms
[TIMER] total: 897.344 ms
-------------------------------------------------
